<?xml version="1.0" encoding="UTF-8" ?>
<testsuite tests="8" failures="1" name="TestSuite" time="521.767" errors="0" skipped="0">
  <properties>
[...]
</properties>
  <testcase classname="example.android.Tests.TextInputTest" name="verifyCommentInputTest" time="47.984"/>
  <testcase classname="example.android.Tests.TextInputTest" name="verifyCommentInputTest" time="48.916"/>
  <testcase classname="example.ios.Tests.TextInputTest" name="verifyCommentInputTest" time="76.098"/>
  <testcase classname="example.ios.Tests.TextInputTest" name="verifyCommentInputTest" time="118.319"/>
  <testcase classname="example.android.Tests.FollowLinkTest" name="verifyLinkTest" time="40.062"/>
  <testcase classname="example.android.Tests.FollowLinkTest" name="verifyLinkTest" time="48.008"/>
  <testcase classname="example.ios.Tests.FollowLinkTest" name="verifyLinkTest" time="70.5"/>
  <testcase classname="example.ios.Tests.FollowLinkTest" name="verifyLinkTest" time="71.88">
    <failure message="expected [false] but found [true]" type="java.lang.AssertionError">java.lang.AssertionError: expected [false] but found [true]
	at org.testng.Assert.fail(Assert.java:94)
	at org.testng.Assert.failNotEquals(Assert.java:513)
	at org.testng.Assert.assertFalse(Assert.java:63)
	at org.testng.Assert.assertFalse(Assert.java:73)
	at example.ios.Tests.FollowLinkTest.verifyLinkTest(FollowLinkTest.java:41)
</failure>
    <system-out>SauceOnDemandSessionID=1d836f6989bf4809af28e2f5194419e5 job-name=verifyLinkTest
Job link: https://saucelabs.com/jobs/1d836f6989bf4809af28e2f5194419e5?auth=99c7de82c2234c37283a48409328ed51
</system-out>
  </testcase>
</testsuite>